<?xml version="1.0" encoding="UTF-8"?>
<testsuite name="jlin2.examples.localtesting.EmailValidatorTest" tests="1" skipped="0" failures="0" errors="0" timestamp="2024-04-04T02:36:12" hostname="Rajs-MacBook-Air.local" time="0.001">
  <properties/>
  <testcase name="testInvalidEmailWithNull" classname="jlin2.examples.localtesting.EmailValidatorTest" time="0.001"/>
  <system-out><![CDATA[]]></system-out>
  <system-err><![CDATA[]]></system-err>
</testsuite>
